[debug] [2018-03-31T13:57:16.388Z] ----------------------------------------------------------------------
[debug] [2018-03-31T13:57:16.390Z] Command:       C:\Program Files\nodejs\node.exe C:\Users\hyago\AppData\Roaming\npm\node_modules\firebase-tools\bin\firebase login --reauth
[debug] [2018-03-31T13:57:16.390Z] CLI Version:   3.16.0
[debug] [2018-03-31T13:57:16.390Z] Platform:      win32
[debug] [2018-03-31T13:57:16.390Z] Node Version:  v9.4.0
[debug] [2018-03-31T13:57:16.391Z] Time:          Sat Mar 31 2018 10:57:16 GMT-0300 (Hora oficial do Brasil)
[debug] [2018-03-31T13:57:16.391Z] ----------------------------------------------------------------------
[debug] 
[info] 
[info] Visit this URL on any device to log in:
[info] https://accounts.google.com/o/oauth2/auth?client_id=563584335869-fgrhgmd47bqnekij5i8b5pr03ho849e6.apps.googleusercontent.com&scope=email%20openid%20https%3A%2F%2Fwww.googleapis.com%2Fauth%2Fcloudplatformprojects.readonly%20https%3A%2F%2Fwww.googleapis.com%2Fauth%2Ffirebase%20https%3A%2F%2Fwww.googleapis.com%2Fauth%2Fcloud-platform&response_type=code&state=820912121&redirect_uri=http%3A%2F%2Flocalhost%3A9005
[info] 
[info] Waiting for authentication...
[debug] [2018-03-31T13:58:28.376Z] ----------------------------------------------------------------------
[debug] [2018-03-31T13:58:28.378Z] Command:       C:\Program Files\nodejs\node.exe C:\Users\hyago\AppData\Roaming\npm\node_modules\firebase-tools\bin\firebase serve
[debug] [2018-03-31T13:58:28.378Z] CLI Version:   3.16.0
[debug] [2018-03-31T13:58:28.378Z] Platform:      win32
[debug] [2018-03-31T13:58:28.378Z] Node Version:  v9.4.0
[debug] [2018-03-31T13:58:28.378Z] Time:          Sat Mar 31 2018 10:58:28 GMT-0300 (Hora oficial do Brasil)
[debug] [2018-03-31T13:58:28.378Z] ----------------------------------------------------------------------
[debug] 
[debug] [2018-03-31T13:58:28.389Z] > command requires scopes: ["email","openid","https://www.googleapis.com/auth/cloudplatformprojects.readonly","https://www.googleapis.com/auth/firebase","https://www.googleapis.com/auth/cloud-platform"]
[debug] [2018-03-31T13:58:28.389Z] > authorizing via signed-in user
[debug] [2018-03-31T13:58:28.391Z] > refreshing access token with scopes: ["email","https://www.googleapis.com/auth/cloud-platform","https://www.googleapis.com/auth/cloudplatformprojects.readonly","https://www.googleapis.com/auth/firebase","openid"]
[debug] [2018-03-31T13:58:28.391Z] >>> HTTP REQUEST POST https://www.googleapis.com/oauth2/v3/token  
 { refresh_token: '1/WydAYgq1XtctzW3vis4AjkKR194RBycRyVWpJT0w8N0',
  client_id: '563584335869-fgrhgmd47bqnekij5i8b5pr03ho849e6.apps.googleusercontent.com',
  client_secret: 'j9iVZfS8kkCEFUPaAeJV0sAi',
  grant_type: 'refresh_token',
  scope: 'email https://www.googleapis.com/auth/cloud-platform https://www.googleapis.com/auth/cloudplatformprojects.readonly https://www.googleapis.com/auth/firebase openid' } 
 Sat Mar 31 2018 10:58:28 GMT-0300 (Hora oficial do Brasil)
[debug] [2018-03-31T13:58:29.758Z] <<< HTTP RESPONSE 200
[debug] [2018-03-31T13:58:29.844Z] >>> HTTP REQUEST GET https://admin.firebase.com/v1/projects/doce-e-festa  
  
 Sat Mar 31 2018 10:58:29 GMT-0300 (Hora oficial do Brasil)
[debug] [2018-03-31T13:58:31.778Z] <<< HTTP RESPONSE 200
[debug] [2018-03-31T13:58:31.779Z] >>> HTTP REQUEST GET https://admin.firebase.com/v1/database/doce-e-festa/tokens  
  
 Sat Mar 31 2018 10:58:31 GMT-0300 (Hora oficial do Brasil)
[debug] [2018-03-31T13:58:35.662Z] <<< HTTP RESPONSE 200
[info] 
[info] === Serving from 'C:\Users\hyago\OneDrive\Ãrea de Trabalho\fire base'...
[info] 
[debug] [2018-03-31T13:58:35.669Z] >>> HTTP REQUEST GET https://cloudresourcemanager.googleapis.com/v1/projects/doce-e-festa  
  
 Sat Mar 31 2018 10:58:35 GMT-0300 (Hora oficial do Brasil)
[debug] [2018-03-31T13:58:37.181Z] <<< HTTP RESPONSE 200
[debug] [2018-03-31T13:58:37.189Z] >>> HTTP REQUEST GET https://mobilesdk-pa.googleapis.com/v1/projects/497695728329/clients/_:getWebAppConfig  
  
 Sat Mar 31 2018 10:58:37 GMT-0300 (Hora oficial do Brasil)
[debug] [2018-03-31T13:58:39.159Z] <<< HTTP RESPONSE 200
[info] i  hosting: Serving hosting files from: public
[info] +  hosting: Local server: http://localhost:5000

